\BOOKMARK [0][-]{chapter.1}{Dictionary\040Definitions}{}% 1
\BOOKMARK [0][-]{chapter.2}{Corpus\040Search}{}% 2
\BOOKMARK [0][-]{chapter.3}{Phase\0401:\040Natural\040Language\040Processing\040\(NLP\)}{}% 3
\BOOKMARK [1][-]{section.3.1}{Word\040Embeddings}{chapter.3}% 4
\BOOKMARK [1][-]{section.3.2}{word2vec}{chapter.3}% 5
\BOOKMARK [1][-]{section.3.3}{sense2vec}{chapter.3}% 6
\BOOKMARK [1][-]{section.3.4}{NLP\040Libraries}{chapter.3}% 7
\BOOKMARK [0][-]{chapter.4}{Results\040from\040NLP}{}% 8
\BOOKMARK [1][-]{section.4.1}{Technique\040for\040online\040tools}{chapter.4}% 9
\BOOKMARK [2][-]{subsection.4.1.1}{ConceptNet}{section.4.1}% 10
\BOOKMARK [2][-]{subsection.4.1.2}{Turku University’s NLP Group}{section.4.1}% 11
\BOOKMARK [2][-]{subsection.4.1.3}{Anthony Liu’s demo}{section.4.1}% 12
\BOOKMARK [2][-]{subsection.4.1.4}{Gensim\040+\040FastText,\040Gensim\040+\040GloVe}{section.4.1}% 13
\BOOKMARK [2][-]{subsection.4.1.5}{SpaCy\040+\040Reddit}{section.4.1}% 14
\BOOKMARK [2][-]{subsection.4.1.6}{Tensorflow\040Project}{section.4.1}% 15
\BOOKMARK [2][-]{subsection.4.1.7}{Polyglot}{section.4.1}% 16
\BOOKMARK [1][-]{section.4.2}{Technique\040for\040SpaCy}{chapter.4}% 17
\BOOKMARK [1][-]{section.4.3}{Comparison\040of\040results}{chapter.4}% 18
\BOOKMARK [1][-]{section.4.4}{Current\040Conclusions}{chapter.4}% 19
\BOOKMARK [1][-]{section.4.5}{Next\040Steps}{chapter.4}% 20
\BOOKMARK [0][-]{chapter.5}{Phase\0402:\040Contextualisation}{}% 21
\BOOKMARK [1][-]{section.5.1}{Context:\040Cars}{chapter.5}% 22
\BOOKMARK [2][-]{subsection.5.1.1}{Function}{section.5.1}% 23
\BOOKMARK [2][-]{subsection.5.1.2}{Ritual}{section.5.1}% 24
\BOOKMARK [2][-]{subsection.5.1.3}{Myth}{section.5.1}% 25
\BOOKMARK [1][-]{section.5.2}{Shifting\040gears:\040Automotive\040Vehicles}{chapter.5}% 26
\BOOKMARK [2][-]{subsection.5.2.1}{Trust}{section.5.2}% 27
\BOOKMARK [2][-]{subsection.5.2.2}{Ethics}{section.5.2}% 28
\BOOKMARK [1][-]{section.5.3}{Survey\0401:\040Word\040Meaning}{chapter.5}% 29
\BOOKMARK [1][-]{section.5.4}{Survey\0402:\040Image\040Association}{chapter.5}% 30
\BOOKMARK [1][-]{section.5.5}{Survey\040Results}{chapter.5}% 31
\BOOKMARK [1][-]{section.5.6}{Identifying\040Patterns}{chapter.5}% 32
\BOOKMARK [1][-]{section.5.7}{Conclusion\040and\040Next\040Steps}{chapter.5}% 33
